2022-03-09 09:51:26,648 DEBUG WebSocket Inverse Perp closed.
2022-03-09 09:51:26,648 DEBUG WebSocket Inverse Perp opened.
2022-03-09 09:51:27,655 DEBUG WebSocket Inverse Perp closed.
2022-03-09 09:51:27,656 DEBUG WebSocket Inverse Perp opened.
2022-03-09 09:51:28,659 DEBUG WebSocket Inverse Perp closed.
2022-03-09 09:51:28,660 DEBUG WebSocket Inverse Perp opened.
2022-03-09 09:51:29,665 DEBUG WebSocket Inverse Perp closed.
2022-03-09 09:51:29,666 DEBUG WebSocket Inverse Perp opened.
2022-03-09 09:51:30,672 DEBUG WebSocket Inverse Perp closed.
2022-03-09 09:51:30,673 DEBUG WebSocket Inverse Perp opened.
2022-03-09 09:51:31,678 DEBUG WebSocket Inverse Perp closed.
2022-03-09 09:51:31,678 DEBUG WebSocket Inverse Perp opened.
2022-03-09 09:51:32,683 DEBUG WebSocket Inverse Perp closed.
2022-03-09 09:51:32,683 DEBUG WebSocket Inverse Perp opened.
2022-03-09 09:51:33,690 DEBUG WebSocket Inverse Perp closed.
2022-03-09 09:51:33,690 DEBUG WebSocket Inverse Perp opened.
2022-03-09 09:51:34,695 DEBUG WebSocket Inverse Perp closed.
2022-03-09 09:51:34,696 DEBUG WebSocket Inverse Perp opened.
2022-03-09 09:51:35,699 DEBUG WebSocket Inverse Perp closed.
2022-03-09 09:51:35,699 DEBUG WebSocket Inverse Perp opened.
2022-03-09 09:51:36,703 DEBUG WebSocket Inverse Perp closed.
2022-03-09 09:51:36,704 DEBUG WebSocket Inverse Perp opened.
2022-03-09 09:51:37,709 DEBUG WebSocket Inverse Perp closed.
2022-03-09 09:51:37,710 DEBUG WebSocket Inverse Perp opened.
2022-03-09 09:51:38,716 DEBUG WebSocket Inverse Perp closed.
2022-03-09 09:51:38,716 DEBUG WebSocket Inverse Perp opened.
2022-03-09 09:51:39,720 DEBUG WebSocket Inverse Perp closed.
2022-03-09 09:51:39,721 DEBUG WebSocket Inverse Perp opened.
2022-03-09 09:51:40,726 DEBUG WebSocket Inverse Perp closed.
2022-03-09 09:51:40,727 DEBUG WebSocket Inverse Perp opened.
2022-03-09 09:51:41,730 DEBUG WebSocket Inverse Perp closed.
2022-03-09 09:51:41,730 DEBUG WebSocket Inverse Perp opened.
2022-03-09 09:51:42,738 DEBUG WebSocket USDT Perp closed.
2022-03-09 09:51:42,739 DEBUG WebSocket USDT Perp opened.
2022-03-09 09:51:42,939 DEBUG Subscription to ['instrument_info.100ms.BTCUSD', 'instrument_info.100ms.ETHUSD'] successful.
2022-03-09 09:51:42,940 ERROR Couldn't subscribe to topic.Error: error:topic:position needs auth first.
2022-03-09 09:51:43,744 DEBUG WebSocket USDT Perp closed.
2022-03-09 09:51:43,744 DEBUG WebSocket USDT Perp opened.
2022-03-09 09:51:43,940 DEBUG Subscription to ['instrument_info.100ms.BTCUSDT'] successful.
2022-03-09 09:53:49,351 DEBUG WebSocket Inverse Perp closed.
2022-03-09 09:53:49,351 DEBUG WebSocket Inverse Perp opened.
2022-03-09 09:53:50,355 DEBUG WebSocket Inverse Perp closed.
2022-03-09 09:53:50,356 DEBUG WebSocket Inverse Perp opened.
2022-03-09 09:53:51,359 DEBUG WebSocket Inverse Perp closed.
2022-03-09 09:53:51,360 DEBUG WebSocket Inverse Perp opened.
2022-03-09 09:53:52,365 DEBUG WebSocket Inverse Perp closed.
2022-03-09 09:53:52,365 DEBUG WebSocket Inverse Perp opened.
2022-03-09 09:53:53,370 DEBUG WebSocket Inverse Perp closed.
2022-03-09 09:53:53,370 DEBUG WebSocket Inverse Perp opened.
2022-03-09 09:53:54,377 DEBUG WebSocket Inverse Perp closed.
2022-03-09 09:53:54,378 DEBUG WebSocket Inverse Perp opened.
2022-03-09 09:53:55,383 DEBUG WebSocket Inverse Perp closed.
2022-03-09 09:53:55,383 DEBUG WebSocket Inverse Perp opened.
2022-03-09 09:53:56,387 DEBUG WebSocket Inverse Perp closed.
2022-03-09 09:53:56,388 DEBUG WebSocket Inverse Perp opened.
2022-03-09 09:53:57,392 DEBUG WebSocket Inverse Perp closed.
2022-03-09 09:53:57,392 DEBUG WebSocket Inverse Perp opened.
2022-03-09 09:53:58,397 DEBUG WebSocket Inverse Perp closed.
2022-03-09 09:53:58,398 DEBUG WebSocket Inverse Perp opened.
2022-03-09 09:53:59,404 DEBUG WebSocket Inverse Perp closed.
2022-03-09 09:53:59,404 DEBUG WebSocket Inverse Perp opened.
2022-03-09 09:54:00,409 DEBUG WebSocket Inverse Perp closed.
2022-03-09 09:54:00,409 DEBUG WebSocket Inverse Perp opened.
2022-03-09 09:54:01,413 DEBUG WebSocket Inverse Perp closed.
2022-03-09 09:54:01,414 DEBUG WebSocket Inverse Perp opened.
2022-03-09 09:54:02,419 DEBUG WebSocket Inverse Perp closed.
2022-03-09 09:54:02,420 DEBUG WebSocket Inverse Perp opened.
2022-03-09 09:54:03,426 DEBUG WebSocket Inverse Perp closed.
2022-03-09 09:54:03,426 DEBUG WebSocket Inverse Perp opened.
2022-03-09 09:54:04,432 DEBUG WebSocket Inverse Perp closed.
2022-03-09 09:54:04,432 DEBUG WebSocket Inverse Perp opened.
2022-03-09 09:54:05,653 DEBUG Subscription to ['instrument_info.100ms.BTCUSD', 'instrument_info.100ms.ETHUSD'] successful.
2022-03-09 09:54:05,675 DEBUG Subscription to ['instrument_info.100ms.BTCUSD', 'instrument_info.100ms.ETHUSD'] successful.
2022-03-09 09:54:05,679 DEBUG Subscription to ['instrument_info.100ms.BTCUSD', 'instrument_info.100ms.ETHUSD'] successful.
2022-03-09 09:54:05,685 DEBUG Subscription to ['instrument_info.100ms.BTCUSD', 'instrument_info.100ms.ETHUSD'] successful.
2022-03-09 09:54:05,686 DEBUG Subscription to ['instrument_info.100ms.BTCUSD', 'instrument_info.100ms.ETHUSD'] successful.
2022-03-09 09:54:05,688 DEBUG Subscription to ['instrument_info.100ms.BTCUSD', 'instrument_info.100ms.ETHUSD'] successful.
2022-03-09 09:54:05,688 DEBUG Subscription to ['instrument_info.100ms.BTCUSD', 'instrument_info.100ms.ETHUSD'] successful.
2022-03-09 09:54:05,689 DEBUG Subscription to ['instrument_info.100ms.BTCUSD', 'instrument_info.100ms.ETHUSD'] successful.
2022-03-09 09:54:05,690 DEBUG Subscription to ['instrument_info.100ms.BTCUSD', 'instrument_info.100ms.ETHUSD'] successful.
2022-03-09 09:54:05,690 DEBUG Subscription to ['instrument_info.100ms.BTCUSD', 'instrument_info.100ms.ETHUSD'] successful.
2022-03-09 09:54:05,691 DEBUG Subscription to ['instrument_info.100ms.BTCUSD', 'instrument_info.100ms.ETHUSD'] successful.
2022-03-09 09:54:05,692 DEBUG Subscription to ['instrument_info.100ms.BTCUSD', 'instrument_info.100ms.ETHUSD'] successful.
2022-03-09 09:54:05,692 DEBUG Subscription to ['instrument_info.100ms.BTCUSD', 'instrument_info.100ms.ETHUSD'] successful.
2022-03-09 09:54:05,693 DEBUG Subscription to ['instrument_info.100ms.BTCUSD', 'instrument_info.100ms.ETHUSD'] successful.
2022-03-09 09:54:05,693 DEBUG Subscription to ['instrument_info.100ms.BTCUSD', 'instrument_info.100ms.ETHUSD'] successful.
2022-03-09 09:54:05,815 DEBUG Subscription to ['instrument_info.100ms.BTCUSD', 'instrument_info.100ms.ETHUSD'] successful.
