# StreamVersion 1.1
ExposeEvent 0 959 0 0 0 0
RenderEvent 0 959 0 0 0 0
MouseMoveEvent 712 480 0 0 0 0
MouseMoveEvent 711 480 0 0 0 0
MouseMoveEvent 710 480 0 0 0 0
MouseMoveEvent 709 481 0 0 0 0
MouseMoveEvent 709 479 0 0 0 0
MouseMoveEvent 709 476 0 0 0 0
MouseMoveEvent 709 473 0 0 0 0
MouseMoveEvent 709 470 0 0 0 0
MouseMoveEvent 709 466 0 0 0 0
MouseMoveEvent 709 461 0 0 0 0
MouseMoveEvent 709 458 0 0 0 0
MouseMoveEvent 711 453 0 0 0 0
MouseMoveEvent 712 449 0 0 0 0
MouseMoveEvent 713 443 0 0 0 0
MouseMoveEvent 713 438 0 0 0 0
MouseMoveEvent 714 433 0 0 0 0
MouseMoveEvent 714 430 0 0 0 0
MouseMoveEvent 714 428 0 0 0 0
MouseMoveEvent 716 424 0 0 0 0
MouseMoveEvent 717 422 0 0 0 0
MouseMoveEvent 717 421 0 0 0 0
MouseMoveEvent 717 418 0 0 0 0
MouseMoveEvent 717 417 0 0 0 0
MouseMoveEvent 718 415 0 0 0 0
MouseMoveEvent 718 414 0 0 0 0
MouseMoveEvent 718 414 0 0 0 0
MouseMoveEvent 718 413 0 0 0 0
MouseMoveEvent 717 413 0 0 0 0
MouseMoveEvent 716 413 0 0 0 0
MouseMoveEvent 714 413 0 0 0 0
LeftButtonPressEvent 714 413 0 0 0 0
StartInteractionEvent 714 413 0 0 0 0
MouseMoveEvent 713 413 0 0 0 0
RenderEvent 713 413 0 0 0 0
InteractionEvent 713 413 0 0 0 0
MouseMoveEvent 711 412 0 0 0 0
RenderEvent 711 412 0 0 0 0
InteractionEvent 711 412 0 0 0 0
MouseMoveEvent 709 412 0 0 0 0
RenderEvent 709 412 0 0 0 0
InteractionEvent 709 412 0 0 0 0
MouseMoveEvent 704 412 0 0 0 0
RenderEvent 704 412 0 0 0 0
InteractionEvent 704 412 0 0 0 0
MouseMoveEvent 686 412 0 0 0 0
RenderEvent 686 412 0 0 0 0
InteractionEvent 686 412 0 0 0 0
MouseMoveEvent 637 412 0 0 0 0
RenderEvent 637 412 0 0 0 0
InteractionEvent 637 412 0 0 0 0
MouseMoveEvent 597 412 0 0 0 0
RenderEvent 597 412 0 0 0 0
InteractionEvent 597 412 0 0 0 0
MouseMoveEvent 559 412 0 0 0 0
RenderEvent 559 412 0 0 0 0
InteractionEvent 559 412 0 0 0 0
MouseMoveEvent 523 408 0 0 0 0
RenderEvent 523 408 0 0 0 0
InteractionEvent 523 408 0 0 0 0
MouseMoveEvent 494 405 0 0 0 0
RenderEvent 494 405 0 0 0 0
InteractionEvent 494 405 0 0 0 0
MouseMoveEvent 482 403 0 0 0 0
RenderEvent 482 403 0 0 0 0
InteractionEvent 482 403 0 0 0 0
MouseMoveEvent 477 403 0 0 0 0
RenderEvent 477 403 0 0 0 0
InteractionEvent 477 403 0 0 0 0
MouseMoveEvent 471 403 0 0 0 0
RenderEvent 471 403 0 0 0 0
InteractionEvent 471 403 0 0 0 0
MouseMoveEvent 466 403 0 0 0 0
RenderEvent 466 403 0 0 0 0
InteractionEvent 466 403 0 0 0 0
MouseMoveEvent 463 403 0 0 0 0
RenderEvent 463 403 0 0 0 0
InteractionEvent 463 403 0 0 0 0
MouseMoveEvent 464 403 0 0 0 0
RenderEvent 464 403 0 0 0 0
InteractionEvent 464 403 0 0 0 0
MouseMoveEvent 472 403 0 0 0 0
RenderEvent 472 403 0 0 0 0
InteractionEvent 472 403 0 0 0 0
MouseMoveEvent 485 403 0 0 0 0
RenderEvent 485 403 0 0 0 0
InteractionEvent 485 403 0 0 0 0
MouseMoveEvent 526 403 0 0 0 0
RenderEvent 526 403 0 0 0 0
InteractionEvent 526 403 0 0 0 0
MouseMoveEvent 569 403 0 0 0 0
RenderEvent 569 403 0 0 0 0
InteractionEvent 569 403 0 0 0 0
MouseMoveEvent 605 403 0 0 0 0
RenderEvent 605 403 0 0 0 0
InteractionEvent 605 403 0 0 0 0
MouseMoveEvent 630 403 0 0 0 0
RenderEvent 630 403 0 0 0 0
InteractionEvent 630 403 0 0 0 0
MouseMoveEvent 637 403 0 0 0 0
RenderEvent 637 403 0 0 0 0
InteractionEvent 637 403 0 0 0 0
MouseMoveEvent 638 403 0 0 0 0
RenderEvent 638 403 0 0 0 0
InteractionEvent 638 403 0 0 0 0
LeftButtonReleaseEvent 638 403 0 0 0 0
EndInteractionEvent 638 403 0 0 0 0
RenderEvent 638 403 0 0 0 0
