\BOOKMARK [1][-]{section.1}{Introduction}{}% 1
\BOOKMARK [1][-]{section.2}{Requirements and Specifications}{}% 2
\BOOKMARK [2][-]{subsection.2.1}{Requirements}{section.2}% 3
\BOOKMARK [2][-]{subsection.2.2}{Design Specification}{section.2}% 4
\BOOKMARK [1][-]{section.3}{Configuration Management}{}% 5
\BOOKMARK [2][-]{subsection.3.1}{Operation Workflow}{section.3}% 6
\BOOKMARK [2][-]{subsection.3.2}{Hookup Connections}{section.3}% 7
\BOOKMARK [2][-]{subsection.3.3}{Package Modules}{section.3}% 8
\BOOKMARK [2][-]{subsection.3.4}{Scripts}{section.3}% 9
\BOOKMARK [3][-]{subsubsection.3.4.1}{Geographical Information: geo.py fg\137action \205arguments}{subsection.3.4}% 10
\BOOKMARK [3][-]{subsubsection.3.4.2}{Part/Connection Information: dossier.py view \205arguments}{subsection.3.4}% 11
\BOOKMARK [3][-]{subsubsection.3.4.3}{Cascaded Connection Information: hookup.py \205arguments}{subsection.3.4}% 12
\BOOKMARK [1][-]{section.4}{Table Definitions}{}% 13
\BOOKMARK [2][-]{subsection.4.1}{Observations}{section.4}% 14
\BOOKMARK [3][-]{subsubsection.4.1.1}{hera\137obs}{subsection.4.1}% 15
\BOOKMARK [2][-]{subsection.4.2}{Common tables}{section.4}% 16
\BOOKMARK [3][-]{subsubsection.4.2.1}{server\137status \(template\)}{subsection.4.2}% 17
\BOOKMARK [3][-]{subsubsection.4.2.2}{subsystem\137errors}{subsection.4.2}% 18
\BOOKMARK [3][-]{subsubsection.4.2.3}{daemon\137status}{subsection.4.2}% 19
\BOOKMARK [2][-]{subsection.4.3}{RTP Tables}{section.4}% 20
\BOOKMARK [3][-]{subsubsection.4.3.1}{rtp\137server\137status}{subsection.4.3}% 21
\BOOKMARK [3][-]{subsubsection.4.3.2}{rtp\137status}{subsection.4.3}% 22
\BOOKMARK [3][-]{subsubsection.4.3.3}{rtp\137process\137events}{subsection.4.3}% 23
\BOOKMARK [3][-]{subsubsection.4.3.4}{rtp\137process\137record}{subsection.4.3}% 24
\BOOKMARK [3][-]{subsubsection.4.3.5}{rtp\137task\137jobid}{subsection.4.3}% 25
\BOOKMARK [3][-]{subsubsection.4.3.6}{rtp\137task\137resource\137record}{subsection.4.3}% 26
\BOOKMARK [3][-]{subsubsection.4.3.7}{rtp\137task\137multiple\137track}{subsection.4.3}% 27
\BOOKMARK [3][-]{subsubsection.4.3.8}{rtp\137task\137multiple\137jobid}{subsection.4.3}% 28
\BOOKMARK [3][-]{subsubsection.4.3.9}{rtp\137task\137multiple\137resource\137record}{subsection.4.3}% 29
\BOOKMARK [3][-]{subsubsection.4.3.10}{rtp\137launch\137record}{subsection.4.3}% 30
\BOOKMARK [2][-]{subsection.4.4}{Librarian Tables}{section.4}% 31
\BOOKMARK [3][-]{subsubsection.4.4.1}{lib\137server\137status}{subsection.4.4}% 32
\BOOKMARK [3][-]{subsubsection.4.4.2}{lib\137status}{subsection.4.4}% 33
\BOOKMARK [3][-]{subsubsection.4.4.3}{lib\137raid\137status}{subsection.4.4}% 34
\BOOKMARK [3][-]{subsubsection.4.4.4}{lib\137raid\137errors}{subsection.4.4}% 35
\BOOKMARK [3][-]{subsubsection.4.4.5}{lib\137remote\137status}{subsection.4.4}% 36
\BOOKMARK [3][-]{subsubsection.4.4.6}{lib\137files}{subsection.4.4}% 37
\BOOKMARK [2][-]{subsection.4.5}{Correlator Tables}{section.4}% 38
\BOOKMARK [3][-]{subsubsection.4.5.1}{correlator\137config\137file}{subsection.4.5}% 39
\BOOKMARK [3][-]{subsubsection.4.5.2}{correlator\137config\137params}{subsection.4.5}% 40
\BOOKMARK [3][-]{subsubsection.4.5.3}{correlator\137config\137active\137snap}{subsection.4.5}% 41
\BOOKMARK [3][-]{subsubsection.4.5.4}{correlator\137config\137input\137index}{subsection.4.5}% 42
\BOOKMARK [3][-]{subsubsection.4.5.5}{correlator\137config\137phase\137switch\137index}{subsection.4.5}% 43
\BOOKMARK [3][-]{subsubsection.4.5.6}{correlator\137config\137status}{subsection.4.5}% 44
\BOOKMARK [3][-]{subsubsection.4.5.7}{correlator\137control\137state}{subsection.4.5}% 45
\BOOKMARK [3][-]{subsubsection.4.5.8}{correlator\137control\137command}{subsection.4.5}% 46
\BOOKMARK [3][-]{subsubsection.4.5.9}{correlator\137take\137data\137arguments}{subsection.4.5}% 47
\BOOKMARK [3][-]{subsubsection.4.5.10}{correlator\137config\137command}{subsection.4.5}% 48
\BOOKMARK [3][-]{subsubsection.4.5.11}{correlator\137software\137versions}{subsection.4.5}% 49
\BOOKMARK [3][-]{subsubsection.4.5.12}{snap\137config\137version}{subsection.4.5}% 50
\BOOKMARK [3][-]{subsubsection.4.5.13}{snap\137status}{subsection.4.5}% 51
\BOOKMARK [3][-]{subsubsection.4.5.14}{antenna\137status}{subsection.4.5}% 52
\BOOKMARK [3][-]{subsubsection.4.5.15}{hera\137autos}{subsection.4.5}% 53
\BOOKMARK [3][-]{subsubsection.4.5.16}{node\137sensor}{subsection.4.5}% 54
\BOOKMARK [3][-]{subsubsection.4.5.17}{node\137power\137status}{subsection.4.5}% 55
\BOOKMARK [3][-]{subsubsection.4.5.18}{node\137power\137command}{subsection.4.5}% 56
\BOOKMARK [3][-]{subsubsection.4.5.19}{node\137white\137rabbit\137status}{subsection.4.5}% 57
\BOOKMARK [3][-]{subsubsection.4.5.20}{roach\137temperature \(deprecated\)}{subsection.4.5}% 58
\BOOKMARK [2][-]{subsection.4.6}{QA Info Tables}{section.4}% 59
\BOOKMARK [3][-]{subsubsection.4.6.1}{metric\137list}{subsection.4.6}% 60
\BOOKMARK [3][-]{subsubsection.4.6.2}{ant\137metrics}{subsection.4.6}% 61
\BOOKMARK [3][-]{subsubsection.4.6.3}{array\137metrics}{subsection.4.6}% 62
\BOOKMARK [2][-]{subsection.4.7}{Site Info Tables}{section.4}% 63
\BOOKMARK [3][-]{subsubsection.4.7.1}{weather\137data}{subsection.4.7}% 64
\BOOKMARK [2][-]{subsection.4.8}{Configuration Management Tables}{section.4}% 65
\BOOKMARK [3][-]{subsubsection.4.8.1}{geo\137location}{subsection.4.8}% 66
\BOOKMARK [3][-]{subsubsection.4.8.2}{station\137type}{subsection.4.8}% 67
\BOOKMARK [3][-]{subsubsection.4.8.3}{parts}{subsection.4.8}% 68
\BOOKMARK [3][-]{subsubsection.4.8.4}{part\137info}{subsection.4.8}% 69
\BOOKMARK [3][-]{subsubsection.4.8.5}{connections}{subsection.4.8}% 70
\BOOKMARK [3][-]{subsubsection.4.8.6}{apriori\137antenna}{subsection.4.8}% 71
\BOOKMARK [3][-]{subsubsection.4.8.7}{part\137rosetta}{subsection.4.8}% 72
\BOOKMARK [3][-]{subsubsection.4.8.8}{cm\137version}{subsection.4.8}% 73
\BOOKMARK [1][-]{section.5}{Future Plans}{}% 74
\BOOKMARK [2][-]{subsection.5.1}{Correlator Table plans}{section.5}% 75
\BOOKMARK [3][-]{subsubsection.5.1.1}{Correlator interfaces complete:}{subsection.5.1}% 76
\BOOKMARK [2][-]{subsection.5.2}{QA Future Plans}{section.5}% 77
\BOOKMARK [2][-]{subsection.5.3}{Site Info Future Plans}{section.5}% 78
\BOOKMARK [2][-]{subsection.5.4}{Other Future Ideas}{section.5}% 79
